<?xml version="1.0" encoding="UTF-8"?>
<!-- Generated by org.testng.reporters.JUnitReportReporter -->
<testsuite skipped="0" hostname="Ketan" name="dataproviderexample.DataProviderExample" tests="3" failures="0" timestamp="20 May 2018 17:13:34 GMT" time="0.015" errors="0">
  <testcase name="DataProviderExample" time="0.000" classname="dataproviderexample.DataProviderExample"/>
  <testcase name="DataProviderExample" time="0.000" classname="dataproviderexample.DataProviderExample"/>
  <testcase name="DataProviderExample" time="0.015" classname="dataproviderexample.DataProviderExample"/>
</testsuite> <!-- dataproviderexample.DataProviderExample -->
