<?xml version="1.0" encoding="UTF-8"?>
<!-- Generated by org.testng.reporters.JUnitReportReporter -->
<testsuite skipped="2" hostname="Ketan" name="DataProviderThroughExcel.DataProviderExcel" tests="4" failures="0" timestamp="20 May 2018 18:04:45 GMT" time="0.032" errors="0">
  <testcase name="getLoginData" time="0.000" classname="DataProviderThroughExcel.DataProviderExcel"/>
  <testcase name="getLoginData" time="0.000" classname="DataProviderThroughExcel.DataProviderExcel">
    <skipped/>
  </testcase> <!-- getLoginData -->
  <testcase name="getLoginData" time="0.016" classname="DataProviderThroughExcel.DataProviderExcel">
    <skipped/>
  </testcase> <!-- getLoginData -->
  <testcase name="getLoginData" time="0.016" classname="DataProviderThroughExcel.DataProviderExcel"/>
</testsuite> <!-- DataProviderThroughExcel.DataProviderExcel -->
