<?xml version="1.0" encoding="UTF-8"?>
<!-- Generated by org.testng.reporters.JUnitReportReporter -->
<testsuite skipped="0" hostname="Ketan" name="dataproviderexample.DataProviderMethod" tests="3" failures="0" timestamp="20 May 2018 17:45:54 GMT" time="0.015" errors="0">
  <testcase name="methodExample" time="0.000" classname="dataproviderexample.DataProviderMethod"/>
  <testcase name="methodExample" time="0.000" classname="dataproviderexample.DataProviderMethod"/>
  <testcase name="methodExample" time="0.015" classname="dataproviderexample.DataProviderMethod"/>
</testsuite> <!-- dataproviderexample.DataProviderMethod -->
